<?xml version="1.0" encoding="UTF-8"?>
<!-- Generated by org.testng.reporters.JUnitReportReporter -->
<testsuite skipped="0" hostname="jamadana" name="com.training.sanity.tests.LoginTests" tests="1" failures="0" timestamp="13 Jun 2019 13:05:29 GMT" time="15.172" errors="0">
  <testcase name="validLoginTest" time="15.172" classname="com.training.sanity.tests.LoginTests"/>
</testsuite> <!-- com.training.sanity.tests.LoginTests -->
